yarn%
âœ  vue-router npm install
npm ERR! code EUNSUPPORTEDPROTOCOL
npm ERR! Unsupported URL Type "workspace:": workspace:*

npm ERR! A complete log of this run can be found in:
npm ERR!     /Users/davidroyer/.npm/_logs/2022-01-23T21_16_40_932Z-debug.log
âœ  vue-router npm install

> esbuild@0.13.15 postinstall /Users/davidroyer/DevPlayground/vite-plugin-pwa-main/examples/vue-router/node_modules/esbuild
> node install.js


> vue-demi@0.12.1 postinstall /Users/davidroyer/DevPlayground/vite-plugin-pwa-main/examples/vue-router/node_modules/vue-demi
> node ./scripts/postinstall.js

npm notice created a lockfile as package-lock.json. You should commit this file.
npm WARN optional SKIPPING OPTIONAL DEPENDENCY: esbuild-android-arm64@0.13.15 (node_modules/esbuild/node_modules/esbuild-android-arm64):
npm WARN notsup SKIPPING OPTIONAL DEPENDENCY: Unsupported platform for esbuild-android-arm64@0.13.15: wanted {"os":"android","arch":"arm64"} (current: {"os":"darwin","arch":"x64"})
npm WARN optional SKIPPING OPTIONAL DEPENDENCY: esbuild-freebsd-64@0.13.15 (node_modules/esbuild/node_modules/esbuild-freebsd-64):
npm WARN notsup SKIPPING OPTIONAL DEPENDENCY: Unsupported platform for esbuild-freebsd-64@0.13.15: wanted {"os":"freebsd","arch":"x64"} (current: {"os":"darwin","arch":"x64"})
npm WARN optional SKIPPING OPTIONAL DEPENDENCY: esbuild-darwin-arm64@0.13.15 (node_modules/esbuild/node_modules/esbuild-darwin-arm64):
npm WARN notsup SKIPPING OPTIONAL DEPENDENCY: Unsupported platform for esbuild-darwin-arm64@0.13.15: wanted {"os":"darwin","arch":"arm64"} (current: {"os":"darwin","arch":"x64"})
npm WARN optional SKIPPING OPTIONAL DEPENDENCY: esbuild-linux-64@0.13.15 (node_modules/esbuild/node_modules/esbuild-linux-64):
npm WARN notsup SKIPPING OPTIONAL DEPENDENCY: Unsupported platform for esbuild-linux-64@0.13.15: wanted {"os":"linux","arch":"x64"} (current: {"os":"darwin","arch":"x64"})
npm WARN optional SKIPPING OPTIONAL DEPENDENCY: esbuild-freebsd-arm64@0.13.15 (node_modules/esbuild/node_modules/esbuild-freebsd-arm64):
npm WARN notsup SKIPPING OPTIONAL DEPENDENCY: Unsupported platform for esbuild-freebsd-arm64@0.13.15: wanted {"os":"freebsd","arch":"arm64"} (current: {"os":"darwin","arch":"x64"})
npm WARN optional SKIPPING OPTIONAL DEPENDENCY: esbuild-linux-32@0.13.15 (node_modules/esbuild/node_modules/esbuild-linux-32):
npm WARN notsup SKIPPING OPTIONAL DEPENDENCY: Unsupported platform for esbuild-linux-32@0.13.15: wanted {"os":"linux","arch":"ia32"} (current: {"os":"darwin","arch":"x64"})
npm WARN optional SKIPPING OPTIONAL DEPENDENCY: esbuild-linux-arm@0.13.15 (node_modules/esbuild/node_modules/esbuild-linux-arm):
npm WARN notsup SKIPPING OPTIONAL DEPENDENCY: Unsupported platform for esbuild-linux-arm@0.13.15: wanted {"os":"linux","arch":"arm"} (current: {"os":"darwin","arch":"x64"})
npm WARN optional SKIPPING OPTIONAL DEPENDENCY: esbuild-linux-arm64@0.13.15 (node_modules/esbuild/node_modules/esbuild-linux-arm64):
npm WARN notsup SKIPPING OPTIONAL DEPENDENCY: Unsupported platform for esbuild-linux-arm64@0.13.15: wanted {"os":"linux","arch":"arm64"} (current: {"os":"darwin","arch":"x64"})
npm WARN optional SKIPPING OPTIONAL DEPENDENCY: esbuild-linux-mips64le@0.13.15 (node_modules/esbuild/node_modules/esbuild-linux-mips64le):
npm WARN notsup SKIPPING OPTIONAL DEPENDENCY: Unsupported platform for esbuild-linux-mips64le@0.13.15: wanted {"os":"linux","arch":"mips64el"} (current: {"os":"darwin","arch":"x64"})
npm WARN optional SKIPPING OPTIONAL DEPENDENCY: esbuild-linux-ppc64le@0.13.15 (node_modules/esbuild/node_modules/esbuild-linux-ppc64le):
npm WARN notsup SKIPPING OPTIONAL DEPENDENCY: Unsupported platform for esbuild-linux-ppc64le@0.13.15: wanted {"os":"linux","arch":"ppc64"} (current: {"os":"darwin","arch":"x64"})
npm WARN optional SKIPPING OPTIONAL DEPENDENCY: esbuild-openbsd-64@0.13.15 (node_modules/esbuild/node_modules/esbuild-openbsd-64):
npm WARN notsup SKIPPING OPTIONAL DEPENDENCY: Unsupported platform for esbuild-openbsd-64@0.13.15: wanted {"os":"openbsd","arch":"x64"} (current: {"os":"darwin","arch":"x64"})
npm WARN optional SKIPPING OPTIONAL DEPENDENCY: esbuild-windows-32@0.13.15 (node_modules/esbuild/node_modules/esbuild-windows-32):
npm WARN notsup SKIPPING OPTIONAL DEPENDENCY: Unsupported platform for esbuild-windows-32@0.13.15: wanted {"os":"win32","arch":"ia32"} (current: {"os":"darwin","arch":"x64"})
npm WARN optional SKIPPING OPTIONAL DEPENDENCY: esbuild-windows-64@0.13.15 (node_modules/esbuild/node_modules/esbuild-windows-64):
npm WARN notsup SKIPPING OPTIONAL DEPENDENCY: Unsupported platform for esbuild-windows-64@0.13.15: wanted {"os":"win32","arch":"x64"} (current: {"os":"darwin","arch":"x64"})
npm WARN optional SKIPPING OPTIONAL DEPENDENCY: esbuild-netbsd-64@0.13.15 (node_modules/esbuild/node_modules/esbuild-netbsd-64):
npm WARN notsup SKIPPING OPTIONAL DEPENDENCY: Unsupported platform for esbuild-netbsd-64@0.13.15: wanted {"os":"netbsd","arch":"x64"} (current: {"os":"darwin","arch":"x64"})
npm WARN optional SKIPPING OPTIONAL DEPENDENCY: esbuild-sunos-64@0.13.15 (node_modules/esbuild/node_modules/esbuild-sunos-64):
npm WARN notsup SKIPPING OPTIONAL DEPENDENCY: Unsupported platform for esbuild-sunos-64@0.13.15: wanted {"os":"sunos","arch":"x64"} (current: {"os":"darwin","arch":"x64"})
npm WARN optional SKIPPING OPTIONAL DEPENDENCY: esbuild-windows-arm64@0.13.15 (node_modules/esbuild/node_modules/esbuild-windows-arm64):
npm WARN notsup SKIPPING OPTIONAL DEPENDENCY: Unsupported platform for esbuild-windows-arm64@0.13.15: wanted {"os":"win32","arch":"arm64"} (current: {"os":"darwin","arch":"x64"})

added 426 packages from 246 contributors and audited 447 packages in 156.934s

53 packages are looking for funding
  run `npm fund` for details

found 0 vulnerabilities

âœ  vue-router npm run start

> example-vue-router@0.0.0 start /Users/davidroyer/DevPlayground/vite-plugin-pwa-main/examples/vue-router
> npm run run-build && npm run serve


> example-vue-router@0.0.0 run-build /Users/davidroyer/DevPlayground/vite-plugin-pwa-main/examples/vue-router
> cross-env DEBUG=vite-plugin-pwa:* BASE_URL=/ SOURCE_MAP=true vite build

vite v2.7.13 building for production...
[plugin:replace] @rollup/plugin-replace: 'preventAssignment' currently defaults to false. It is recommended to set this option to `true`, as the next major version will default this option to `true`.
âœ“ 2 modules transformed.
âœ“ 36 modules transformed.
rendering chunks (4)...Sourcemap is likely to be incorrect: a plugin (vite:worker) was used to transform files, but didn't generate a sourcemap for the transformation. Consult the plugin documentation for help
dist/assets/my-worker.bb279966.js   0.21 KiB
dist/index.html                     0.74 KiB
dist/manifest.webmanifest           0.38 KiB
dist/assets/index.4776e082.js       4.23 KiB / gzip: 1.94 KiB
dist/assets/index.4776e082.js.map   11.58 KiB
dist/assets/home.26bd6035.js        0.81 KiB / gzip: 0.52 KiB
dist/assets/home.26bd6035.js.map    1.01 KiB
dist/assets/about.940b4b2b.js       0.36 KiB / gzip: 0.28 KiB
dist/assets/about.940b4b2b.js.map   0.54 KiB
dist/assets/_name_.62ce773f.js      0.46 KiB / gzip: 0.35 KiB
dist/assets/_name_.62ce773f.js.map  0.75 KiB
dist/assets/index.b05d8dcb.css      0.45 KiB / gzip: 0.29 KiB
dist/assets/vendor.797917cd.js      81.59 KiB / gzip: 32.18 KiB
dist/assets/vendor.797917cd.js.map  888.21 KiB

PWA v0.11.13
mode      generateSW
precache  12 entries (89.06 KiB)
files generated
  dist/sw.js.map
  dist/sw.js
  dist/workbox-a51b997a.js.map
  dist/workbox-a51b997a.js

> example-vue-router@0.0.0 serve /Users/davidroyer/DevPlayground/vite-plugin-pwa-main/examples/vue-router
> serve dist

Serving static path: dist
Generating certificates...
Certificates path: /Users/davidroyer/Library/Application Support/https-localhost. Never modify nor share this files.
Downloading the mkcert executable...
http to https redirection active.
Running mkcert to generate certificates...
Sudo password:
Created a new local CA ğŸ’¥
The local CA is now installed in the system trust store! âš¡ï¸
Warning: "certutil" is not available, so the CA can't be automatically installed in Firefox! âš ï¸
Install "certutil" with "brew install nss" and re-run "mkcert -install" ğŸ‘ˆ


Created a new certificate valid for the following names ğŸ“œ
 - "localhost"

The certificate is at "/Users/davidroyer/Library/Application Support/https-localhost/localhost.crt" and the key at "/Users/davidroyer/Library/Application Support/https-localhost/localhost.key" âœ…

It will expire on 23 April 2024 ğŸ—“


Certificates generated, installed and trusted. Ready to go!
Server running on port 443.
